{
  "RSpec": {
    "coverage": {
      "/var/redmine/plugins/redmine_elastic_apm/lib/redmine_elastic_apm.rb": [
        1,
        1,
        null,
        1,
        1,
        null
      ],
      "/var/redmine/plugins/redmine_elastic_apm/lib/redmine_elastic_apm/wrapper.rb": [
        1,
        1,
        1,
        1,
        null,
        1,
        1,
        2,
        null,
        2,
        null,
        2,
        2,
        null,
        null,
        1,
        null,
        1,
        2,
        null,
        null,
        1,
        2,
        2,
        null,
        null,
        null,
        1,
        2,
        null,
        74,
        null,
        2,
        null,
        2,
        2,
        null,
        null,
        null,
        1,
        null,
        2,
        null,
        null,
        null,
        1,
        2,
        null,
        null,
        null,
        null
      ],
      "/var/redmine/plugins/redmine_elastic_apm/lib/redmine_elastic_apm/patches/application_controller_patch.rb": [
        1,
        1,
        1,
        1,
        0,
        0,
        null,
        null,
        null,
        null,
        null,
        1,
        1,
        null
      ]
    },
    "timestamp": 1553704806
  }
}
